<?xml version="1.0" encoding="UTF-8"?>
<!-- Generated by org.testng.reporters.JUnitReportReporter -->
<testsuite hostname="DESKTOP-IQ8QMF0" name="ReadExcelData.ReadData" tests="1" failures="0" timestamp="13 Apr 2022 17:49:16 GMT" time="1.346" errors="0">
  <testcase name="testdata" time="1.346" classname="ReadExcelData.ReadData"/>
</testsuite> <!-- ReadExcelData.ReadData -->
